<?xml version="1.0" encoding="UTF-8"?>
<!-- Generated by org.testng.reporters.JUnitReportReporter -->
<testsuite hostname="LAPTOP-AF2JRBJI" failures="0" tests="4" name="testNGClasses.VarifyAddToCartButtonAndOffersForProduct" time="117.304" errors="0" timestamp="2022-11-16T15:14:30 IST" skipped="0">
  <testcase classname="testNGClasses.VarifyAddToCartButtonAndOffersForProduct" name="VarifyAddToCartButton" time="33.544"/>
  <system-out/>
  <testcase classname="testNGClasses.VarifyAddToCartButtonAndOffersForProduct" name="VarifyOffersForProducts" time="32.932"/>
  <system-out/>
  <testcase classname="testNGClasses.VarifyAddToCartButtonAndOffersForProduct" name="VarifyAddToCartButton" time="28.171"/>
  <system-out/>
  <testcase classname="testNGClasses.VarifyAddToCartButtonAndOffersForProduct" name="VarifyOffersForProducts" time="22.657"/>
  <system-out/>
</testsuite> <!-- testNGClasses.VarifyAddToCartButtonAndOffersForProduct -->
