<?xml version="1.0" encoding="UTF-8"?>
<!-- Generated by org.testng.reporters.JUnitReportReporter -->
<testsuite hostname="LAPTOP-AF2JRBJI" failures="0" tests="2" name="test.VarifyUsernameANdAdressAfterSignIn" time="25.130" errors="0" timestamp="2022-10-12T14:04:08 IST" skipped="0">
  <testcase classname="test.VarifyUsernameANdAdressAfterSignIn" name="VarifyDeliveryAdressAfterLogin" time="11.114"/>
  <system-out/>
  <testcase classname="test.VarifyUsernameANdAdressAfterSignIn" name="VarifyUsernameAfterLogin" time="14.016"/>
  <system-out/>
</testsuite> <!-- test.VarifyUsernameANdAdressAfterSignIn -->
