<?xml version="1.0" encoding="UTF-8"?>
<!-- Generated by org.testng.reporters.JUnitReportReporter -->
<testsuite hostname="LAPTOP-AF2JRBJI" failures="0" tests="4" name="testNGClasses.VarifyUsernameAdressAfterSignInAndCheckItemsOrderedInAYear" time="56.125" errors="0" timestamp="2022-11-16T15:14:30 IST" skipped="0">
  <testcase classname="testNGClasses.VarifyUsernameAdressAfterSignInAndCheckItemsOrderedInAYear" name="checkItemsOrderedInAYear" time="12.307"/>
  <system-out/>
  <testcase classname="testNGClasses.VarifyUsernameAdressAfterSignInAndCheckItemsOrderedInAYear" name="checkItemsOrderedInAYear" time="17.344"/>
  <system-out/>
  <testcase classname="testNGClasses.VarifyUsernameAdressAfterSignInAndCheckItemsOrderedInAYear" name="VarifyUsernameAfterLogin" time="10.697"/>
  <system-out/>
  <testcase classname="testNGClasses.VarifyUsernameAdressAfterSignInAndCheckItemsOrderedInAYear" name="VarifyUsernameAfterLogin" time="15.777"/>
  <system-out/>
</testsuite> <!-- testNGClasses.VarifyUsernameAdressAfterSignInAndCheckItemsOrderedInAYear -->
