<?xml version="1.0" encoding="UTF-8"?>
<!-- Generated by org.testng.reporters.JUnitReportReporter -->
<testsuite hostname="LAPTOP-AF2JRBJI" failures="0" tests="1" name="NewTest" time="0.018" errors="0" timestamp="2022-10-25T15:28:00 IST" skipped="0">
  <testcase classname="NewTest" name="f" time="0.018"/>
  <system-out/>
</testsuite> <!-- NewTest -->
